TN:
SF:src\model\userModel.js
FN:4,(anonymous_0)
FN:5,(anonymous_1)
FN:6,(anonymous_2)
FN:7,(anonymous_3)
FN:15,(anonymous_4)
FN:16,(anonymous_5)
FN:17,(anonymous_6)
FN:18,(anonymous_7)
FN:27,(anonymous_8)
FN:28,(anonymous_9)
FN:29,(anonymous_10)
FN:42,(anonymous_11)
FN:43,(anonymous_12)
FN:44,(anonymous_13)
FN:56,(anonymous_14)
FN:58,(anonymous_15)
FN:59,(anonymous_16)
FN:77,(anonymous_17)
FN:78,(anonymous_18)
FN:79,(anonymous_19)
FN:90,(anonymous_20)
FN:91,(anonymous_21)
FN:92,(anonymous_22)
FN:94,(anonymous_23)
FN:95,(anonymous_24)
FN:109,(anonymous_25)
FN:110,(anonymous_26)
FN:111,(anonymous_27)
FN:119,(anonymous_28)
FN:120,(anonymous_29)
FN:121,(anonymous_30)
FN:129,(anonymous_31)
FN:130,(anonymous_32)
FN:131,(anonymous_33)
FN:142,(anonymous_34)
FN:143,(anonymous_35)
FN:144,(anonymous_36)
FN:156,(anonymous_37)
FN:157,(anonymous_38)
FN:158,(anonymous_39)
FN:169,(anonymous_40)
FN:170,(anonymous_41)
FN:171,(anonymous_42)
FN:182,(anonymous_43)
FN:183,(anonymous_44)
FN:184,(anonymous_45)
FN:196,(anonymous_46)
FN:197,(anonymous_47)
FN:198,(anonymous_48)
FN:200,(anonymous_49)
FN:201,(anonymous_50)
FN:219,(anonymous_51)
FN:220,(anonymous_52)
FN:221,(anonymous_53)
FN:223,(anonymous_54)
FN:224,(anonymous_55)
FN:242,(anonymous_56)
FN:243,(anonymous_57)
FN:244,(anonymous_58)
FN:246,(anonymous_59)
FN:247,(anonymous_60)
FN:263,(anonymous_61)
FN:264,(anonymous_62)
FN:266,(anonymous_63)
FN:267,(anonymous_64)
FN:270,(anonymous_65)
FN:280,(anonymous_66)
FN:290,(anonymous_67)
FN:291,(anonymous_68)
FN:292,(anonymous_69)
FN:303,(anonymous_70)
FN:304,(anonymous_71)
FN:305,(anonymous_72)
FNF:73
FNH:4
FNDA:2,(anonymous_0)
FNDA:2,(anonymous_1)
FNDA:2,(anonymous_2)
FNDA:4,(anonymous_3)
FNDA:0,(anonymous_4)
FNDA:0,(anonymous_5)
FNDA:0,(anonymous_6)
FNDA:0,(anonymous_7)
FNDA:0,(anonymous_8)
FNDA:0,(anonymous_9)
FNDA:0,(anonymous_10)
FNDA:0,(anonymous_11)
FNDA:0,(anonymous_12)
FNDA:0,(anonymous_13)
FNDA:0,(anonymous_14)
FNDA:0,(anonymous_15)
FNDA:0,(anonymous_16)
FNDA:0,(anonymous_17)
FNDA:0,(anonymous_18)
FNDA:0,(anonymous_19)
FNDA:0,(anonymous_20)
FNDA:0,(anonymous_21)
FNDA:0,(anonymous_22)
FNDA:0,(anonymous_23)
FNDA:0,(anonymous_24)
FNDA:0,(anonymous_25)
FNDA:0,(anonymous_26)
FNDA:0,(anonymous_27)
FNDA:0,(anonymous_28)
FNDA:0,(anonymous_29)
FNDA:0,(anonymous_30)
FNDA:0,(anonymous_31)
FNDA:0,(anonymous_32)
FNDA:0,(anonymous_33)
FNDA:0,(anonymous_34)
FNDA:0,(anonymous_35)
FNDA:0,(anonymous_36)
FNDA:0,(anonymous_37)
FNDA:0,(anonymous_38)
FNDA:0,(anonymous_39)
FNDA:0,(anonymous_40)
FNDA:0,(anonymous_41)
FNDA:0,(anonymous_42)
FNDA:0,(anonymous_43)
FNDA:0,(anonymous_44)
FNDA:0,(anonymous_45)
FNDA:0,(anonymous_46)
FNDA:0,(anonymous_47)
FNDA:0,(anonymous_48)
FNDA:0,(anonymous_49)
FNDA:0,(anonymous_50)
FNDA:0,(anonymous_51)
FNDA:0,(anonymous_52)
FNDA:0,(anonymous_53)
FNDA:0,(anonymous_54)
FNDA:0,(anonymous_55)
FNDA:0,(anonymous_56)
FNDA:0,(anonymous_57)
FNDA:0,(anonymous_58)
FNDA:0,(anonymous_59)
FNDA:0,(anonymous_60)
FNDA:0,(anonymous_61)
FNDA:0,(anonymous_62)
FNDA:0,(anonymous_63)
FNDA:0,(anonymous_64)
FNDA:0,(anonymous_65)
FNDA:0,(anonymous_66)
FNDA:0,(anonymous_67)
FNDA:0,(anonymous_68)
FNDA:0,(anonymous_69)
FNDA:0,(anonymous_70)
FNDA:0,(anonymous_71)
FNDA:0,(anonymous_72)
DA:1,1
DA:2,1
DA:4,1
DA:5,2
DA:6,2
DA:7,4
DA:8,2
DA:9,2
DA:15,1
DA:16,0
DA:17,0
DA:18,0
DA:19,0
DA:20,0
DA:27,1
DA:28,0
DA:29,0
DA:31,0
DA:32,0
DA:34,0
DA:42,1
DA:43,0
DA:44,0
DA:45,0
DA:46,0
DA:48,0
DA:56,1
DA:58,0
DA:59,0
DA:60,0
DA:61,0
DA:63,0
DA:64,0
DA:65,0
DA:77,1
DA:78,0
DA:79,0
DA:80,0
DA:81,0
DA:83,0
DA:90,1
DA:91,0
DA:92,0
DA:93,0
DA:94,0
DA:95,0
DA:96,0
DA:97,0
DA:99,0
DA:109,1
DA:110,0
DA:111,0
DA:112,0
DA:113,0
DA:119,1
DA:120,0
DA:121,0
DA:122,0
DA:123,0
DA:129,1
DA:130,0
DA:131,0
DA:133,0
DA:134,0
DA:136,0
DA:142,1
DA:143,0
DA:144,0
DA:146,0
DA:147,0
DA:149,0
DA:156,1
DA:157,0
DA:158,0
DA:159,0
DA:160,0
DA:162,0
DA:169,1
DA:170,0
DA:171,0
DA:172,0
DA:173,0
DA:175,0
DA:182,1
DA:183,0
DA:184,0
DA:185,0
DA:186,0
DA:188,0
DA:196,1
DA:197,0
DA:198,0
DA:199,0
DA:200,0
DA:201,0
DA:202,0
DA:203,0
DA:205,0
DA:212,0
DA:219,1
DA:220,0
DA:221,0
DA:222,0
DA:223,0
DA:224,0
DA:225,0
DA:226,0
DA:228,0
DA:235,0
DA:242,1
DA:243,0
DA:244,0
DA:245,0
DA:246,0
DA:247,0
DA:248,0
DA:249,0
DA:251,0
DA:256,0
DA:263,1
DA:264,0
DA:265,0
DA:266,0
DA:267,0
DA:268,0
DA:270,0
DA:271,0
DA:272,0
DA:274,0
DA:280,0
DA:281,0
DA:282,0
DA:284,0
DA:290,1
DA:291,0
DA:292,0
DA:293,0
DA:294,0
DA:296,0
DA:303,1
DA:304,0
DA:305,0
DA:306,0
DA:307,0
DA:309,0
DA:314,1
LF:146
LH:28
BRDA:31,0,0,0
BRDA:31,0,1,0
BRDA:45,1,0,0
BRDA:45,1,1,0
BRDA:60,2,0,0
BRDA:60,2,1,0
BRDA:80,3,0,0
BRDA:80,3,1,0
BRDA:93,4,0,0
BRDA:93,4,1,0
BRDA:96,5,0,0
BRDA:96,5,1,0
BRDA:112,6,0,0
BRDA:112,6,1,0
BRDA:122,7,0,0
BRDA:122,7,1,0
BRDA:133,8,0,0
BRDA:133,8,1,0
BRDA:146,9,0,0
BRDA:146,9,1,0
BRDA:159,10,0,0
BRDA:159,10,1,0
BRDA:172,11,0,0
BRDA:172,11,1,0
BRDA:185,12,0,0
BRDA:185,12,1,0
BRDA:199,13,0,0
BRDA:199,13,1,0
BRDA:202,14,0,0
BRDA:202,14,1,0
BRDA:222,15,0,0
BRDA:222,15,1,0
BRDA:225,16,0,0
BRDA:225,16,1,0
BRDA:245,17,0,0
BRDA:245,17,1,0
BRDA:248,18,0,0
BRDA:248,18,1,0
BRDA:265,19,0,0
BRDA:265,19,1,0
BRDA:267,20,0,0
BRDA:267,20,1,0
BRDA:271,21,0,0
BRDA:271,21,1,0
BRDA:281,22,0,0
BRDA:281,22,1,0
BRDA:293,23,0,0
BRDA:293,23,1,0
BRDA:306,24,0,0
BRDA:306,24,1,0
BRF:50
BRH:0
end_of_record
TN:
SF:src\utilities\connection.js
FN:214,(anonymous_0)
FN:215,(anonymous_1)
FN:217,(anonymous_2)
FN:224,(anonymous_3)
FN:225,(anonymous_4)
FN:227,(anonymous_5)
FN:234,(anonymous_6)
FN:235,(anonymous_7)
FN:237,(anonymous_8)
FN:245,(anonymous_9)
FN:246,(anonymous_10)
FN:248,(anonymous_11)
FNF:12
FNH:2
FNDA:2,(anonymous_0)
FNDA:2,(anonymous_1)
FNDA:0,(anonymous_2)
FNDA:0,(anonymous_3)
FNDA:0,(anonymous_4)
FNDA:0,(anonymous_5)
FNDA:0,(anonymous_6)
FNDA:0,(anonymous_7)
FNDA:0,(anonymous_8)
FNDA:0,(anonymous_9)
FNDA:0,(anonymous_10)
FNDA:0,(anonymous_11)
DA:1,1
DA:2,1
DA:3,1
DA:4,1
DA:5,1
DA:6,1
DA:9,1
DA:56,1
DA:199,1
DA:207,1
DA:214,1
DA:215,2
DA:216,2
DA:218,0
DA:219,0
DA:220,0
DA:224,1
DA:225,0
DA:226,0
DA:228,0
DA:229,0
DA:230,0
DA:234,1
DA:235,0
DA:236,0
DA:238,0
DA:239,0
DA:240,0
DA:245,1
DA:246,0
DA:247,0
DA:249,0
DA:250,0
DA:251,0
DA:255,1
LF:35
LH:17
BRF:0
BRH:0
end_of_record
